[debug] [2022-02-12T17:13:45.361Z] ----------------------------------------------------------------------
[debug] [2022-02-12T17:13:45.364Z] Command:       C:\Program Files\nodejs\node.exe C:\Users\DELL\AppData\Roaming\npm\node_modules\firebase-tools\lib\bin\firebase.js init
[debug] [2022-02-12T17:13:45.364Z] CLI Version:   10.2.0
[debug] [2022-02-12T17:13:45.365Z] Platform:      win32
[debug] [2022-02-12T17:13:45.365Z] Node Version:  v16.13.0
[debug] [2022-02-12T17:13:45.367Z] Time:          Sun Feb 13 2022 00:13:45 GMT+0700 (Indochina Time)
[debug] [2022-02-12T17:13:45.367Z] ----------------------------------------------------------------------
[debug] 
[debug] [2022-02-12T17:13:45.371Z] >>> [apiv2][query] GET https://firebase-public.firebaseio.com/cli.json [none]
[debug] [2022-02-12T17:13:45.403Z] > command requires scopes: ["email","openid","https://www.googleapis.com/auth/cloudplatformprojects.readonly","https://www.googleapis.com/auth/firebase","https://www.googleapis.com/auth/cloud-platform"]
[debug] [2022-02-12T17:13:45.403Z] > authorizing via signed-in user (maulanarahmannur67@gmail.com)
[info] 
     ######## #### ########  ######## ########     ###     ######  ########
     ##        ##  ##     ## ##       ##     ##  ##   ##  ##       ##
     ######    ##  ########  ######   ########  #########  ######  ######
     ##        ##  ##    ##  ##       ##     ## ##     ##       ## ##
     ##       #### ##     ## ######## ########  ##     ##  ######  ########

You're about to initialize a Firebase project in this directory:

  C:\Users\DELL\Desktop\wedding

[debug] [2022-02-12T17:13:46.351Z] <<< [apiv2][status] GET https://firebase-public.firebaseio.com/cli.json 200
[debug] [2022-02-12T17:13:46.351Z] <<< [apiv2][body] GET https://firebase-public.firebaseio.com/cli.json {"cloudBuildErrorAfter":1594252800000,"cloudBuildWarnAfter":1590019200000,"defaultNode10After":1594252800000,"minVersion":"3.0.5","node8DeploysDisabledAfter":1613390400000,"node8RuntimeDisabledAfter":1615809600000,"node8WarnAfter":1600128000000}
